Removed Pin From Net: NetName=VDO_OUT Pin=J1-1
Removed Pin From Net: NetName=VDO_HGATE Pin=J1-2
Removed Pin From Net: NetName=-9 Pin=J1-3
Removed Pin From Net: NetName=VDO_HGATE Pin=J1-4
Removed Pin From Net: NetName=GND Pin=J1-5
Removed Pin From Net: NetName=VDO_H Pin=J2-1
Removed Pin From Net: NetName=VDO_VGATE Pin=J2-2
Removed Pin From Net: NetName=-9 Pin=J2-3
Removed Pin From Net: NetName=VDO_VGATE Pin=J2-4
Removed Pin From Net: NetName=VDO_V Pin=J2-5
Added Component: Designator=J1(61300611121)
Added Component: Designator=J2(61300611121)
Added Pin To Net: NetName=GND Pin=J1-1
Added Pin To Net: NetName=VDO_HGATE Pin=J1-2
Added Pin To Net: NetName=VDO_H Pin=J1-3
Added Pin To Net: NetName=VDO_OUT Pin=J1-4
Added Pin To Net: NetName=VDO_HGATE Pin=J1-5
Added Pin To Net: NetName=GND Pin=J1-6
Added Pin To Net: NetName=-9 Pin=J2-1
Added Pin To Net: NetName=VDO_VGATE Pin=J2-2
Added Pin To Net: NetName=VDO_V Pin=J2-3
Added Pin To Net: NetName=VDO_OUT Pin=J2-4
Added Pin To Net: NetName=VDO_VGATE Pin=J2-5
Added Pin To Net: NetName=-9 Pin=J2-6
Added Member To Class: ClassName=VDO Shaper, GateV3 Member=Component C1 180p
Added Member To Class: ClassName=VDO Shaper, GateV3 Member=Component C2 .1u
Added Member To Class: ClassName=VDO Shaper, GateV3 Member=Component C3 .1u
Added Member To Class: ClassName=VDO Shaper, GateV3 Member=Component J1 61300611121
Added Member To Class: ClassName=VDO Shaper, GateV3 Member=Component J2 61300611121
Added Member To Class: ClassName=VDO Shaper, GateV3 Member=Component Q1 2N2907A
Added Member To Class: ClassName=VDO Shaper, GateV3 Member=Component Q2 2N2907A
Added Member To Class: ClassName=VDO Shaper, GateV3 Member=Component R1 4.7k
Added Member To Class: ClassName=VDO Shaper, GateV3 Member=Component R2 4.7k
Added Member To Class: ClassName=VDO Shaper, GateV3 Member=Component R3 3.3k
Added Member To Class: ClassName=VDO Shaper, GateV3 Member=Component VR1 100k
Added Member To Class: ClassName=VDO Shaper, GateV3 Member=Component VR2 100k
