Added Pin To Net: NetName=+9 Pin=R1-2
Added Pin To Net: NetName=GND Pin=R2-2
Added Pin To Net: NetName=HJOY1 Pin=R3-2
Added Pin To Net: NetName=Q2BASE Pin=R4-2
Added Pin To Net: NetName=Q2BASE Pin=R5-2
Added Pin To Net: NetName=H_AND1(E) Pin=R6-2
Added Pin To Net: NetName=+9 Pin=R8-2
Added Pin To Net: NetName=GND Pin=R9-2
Added Pin To Net: NetName=VJOY1 Pin=R10-2
Added Pin To Net: NetName=NetC7_1 Pin=R11-2
Added Pin To Net: NetName=NetC7_1 Pin=R12-2
Added Pin To Net: NetName=V_AND1(F) Pin=R13-2
Added Pin To Net: NetName=DMV1_OUT Pin=R15-2
Added Pin To Net: NetName=+9 Pin=R16-2
Added Pin To Net: NetName=GND Pin=R17-2
Added Pin To Net: NetName=HJOY2 Pin=R18-2
Added Pin To Net: NetName=NetQ8_3 Pin=R19-2
Added Pin To Net: NetName=NetQ8_3 Pin=R20-2
Added Pin To Net: NetName=H_AND2(G) Pin=R21-2
Added Pin To Net: NetName=+9 Pin=R23-2
Added Pin To Net: NetName=GND Pin=R24-2
Added Pin To Net: NetName=VJOY2 Pin=R25-2
Added Pin To Net: NetName=NetC14_1 Pin=R26-2
Added Pin To Net: NetName=NetC14_1 Pin=R27-2
Added Pin To Net: NetName=V_AND2(H) Pin=R28-2
Added Pin To Net: NetName=DMV2_OUT Pin=R30-2
